<?xml version="1.0" encoding="UTF-8"?>
<!-- Generated by org.testng.reporters.JUnitReportReporter -->
<testsuite hostname="CELSYS130-BLR" failures="0" tests="3" name="com.froalacharts.apitest.CenterLabel" time="3.768" errors="0" timestamp="2020-10-27T17:57:20 IST" skipped="0">
  <testcase classname="com.froalacharts.apitest.CenterLabel" name="verifyAPIExistsInDataSheetCenterLabel" time="0.003"/>
  <system-out/>
  <testcase classname="com.froalacharts.apitest.CenterLabel" name="verifyChartIsRenderedCenterLabel" time="0.514"/>
  <system-out/>
  <testcase classname="com.froalacharts.apitest.CenterLabel" name="verifyAPICenterLabel" time="3.251"/>
  <system-out/>
</testsuite> <!-- com.froalacharts.apitest.CenterLabel -->
