<?xml version="1.0" encoding="UTF-8"?>
<!-- Generated by org.testng.reporters.JUnitReportReporter -->
<testsuite hostname="LANSA-TEST" failures="0" tests="3" name="com.froalacharts.apitest.SetChartData" time="12.044" errors="0" timestamp="4 Sep 2020 11:56:56 GMT">
  <testcase classname="com.froalacharts.apitest.SetChartData" name="verifyChartIsRenderedSetChartData" time="2.461"/>
  <testcase classname="com.froalacharts.apitest.SetChartData" name="verifyAPIExistsInDataSheetSetChartData" time="0.001"/>
  <testcase classname="com.froalacharts.apitest.SetChartData" name="verifyAPISetChartData" time="9.582"/>
</testsuite> <!-- com.froalacharts.apitest.SetChartData -->
