<?xml version="1.0" encoding="UTF-8"?>
<!-- Generated by org.testng.reporters.JUnitReportReporter -->
<testsuite hostname="LANSA-TEST" failures="0" tests="3" name="com.froalacharts.apitest.LockResize_ResizeTo" time="12.884" errors="0" timestamp="14 Sep 2020 17:14:03 GMT">
  <testcase classname="com.froalacharts.apitest.LockResize_ResizeTo" name="verifyChartIsRenderedLockResize_ResizeTo" time="2.033"/>
  <testcase classname="com.froalacharts.apitest.LockResize_ResizeTo" name="verifyAPILockResize_ResizeTo" time="10.850"/>
  <testcase classname="com.froalacharts.apitest.LockResize_ResizeTo" name="verifyAPIExistsInDataSheetLockResize_ResizeTo" time="0.001"/>
</testsuite> <!-- com.froalacharts.apitest.LockResize_ResizeTo -->
