<?xml version="1.0" encoding="UTF-8"?>
<!-- Generated by org.testng.reporters.JUnitReportReporter -->
<testsuite hostname="CELSYS130-BLR" failures="0" tests="3" name="com.froalacharts.apitest.LockResize_ResizeTo" time="13.432" errors="0" timestamp="2020-10-29T20:36:10 IST" skipped="0">
  <testcase classname="com.froalacharts.apitest.LockResize_ResizeTo" name="verifyAPIExistsInDataSheetLockResize_ResizeTo" time="0.002"/>
  <system-out/>
  <testcase classname="com.froalacharts.apitest.LockResize_ResizeTo" name="verifyChartIsRenderedLockResize_ResizeTo" time="2.047"/>
  <system-out/>
  <testcase classname="com.froalacharts.apitest.LockResize_ResizeTo" name="verifyAPILockResize_ResizeTo" time="11.383"/>
  <system-out/>
</testsuite> <!-- com.froalacharts.apitest.LockResize_ResizeTo -->
