<?xml version="1.0" encoding="UTF-8"?>
<!-- Generated by org.testng.reporters.JUnitReportReporter -->
<testsuite hostname="LANSA-TEST" failures="0" tests="3" name="com.fusioncharts.apitest.FeedData" time="1.840" errors="0" timestamp="25 Aug 2020 09:43:03 GMT">
  <testcase classname="com.fusioncharts.apitest.FeedData" name="verifyChartIsRenderedFeedData" time="1.623"/>
  <testcase classname="com.fusioncharts.apitest.FeedData" name="verifyAPIExistsInDataSheetFeedData" time="0.003"/>
  <testcase classname="com.fusioncharts.apitest.FeedData" name="verifyAPIFeedData" time="0.214"/>
</testsuite> <!-- com.fusioncharts.apitest.FeedData -->
