<?xml version="1.0" encoding="UTF-8"?>
<!-- Generated by org.testng.reporters.JUnitReportReporter -->
<testsuite hostname="CELSYS130-BLR" failures="0" tests="3" name="com.froalacharts.apitest.GetChartData" time="5.984" errors="0" timestamp="2020-10-27T17:57:21 IST" skipped="0">
  <testcase classname="com.froalacharts.apitest.GetChartData" name="verifyAPIExistsInDataSheetGetChartData" time="0.002"/>
  <system-out/>
  <testcase classname="com.froalacharts.apitest.GetChartData" name="verifyChartIsRenderedGetChartData" time="0.706"/>
  <system-out/>
  <testcase classname="com.froalacharts.apitest.GetChartData" name="verifyAPIGetChartData" time="5.276"/>
  <system-out/>
</testsuite> <!-- com.froalacharts.apitest.GetChartData -->
