<?xml version="1.0" encoding="UTF-8"?>
<!-- Generated by org.testng.reporters.JUnitReportReporter -->
<testsuite hostname="CELSYS130-BLR" failures="0" tests="3" name="com.froalacharts.licensevalidationtest.LicenseValidation" time="16.268" errors="0" timestamp="2020-10-27T17:57:20 IST" skipped="0">
  <testcase classname="com.froalacharts.licensevalidationtest.LicenseValidation" name="verifyWatermarkDisplayed" time="5.176"/>
  <system-out/>
  <testcase classname="com.froalacharts.licensevalidationtest.LicenseValidation" name="verifyWatermarkNotDisplayed_for_valid_key" time="8.750"/>
  <system-out/>
  <testcase classname="com.froalacharts.licensevalidationtest.LicenseValidation" name="verifyWatermarkDisplayedForCreditLabelTrue" time="2.342"/>
  <system-out/>
</testsuite> <!-- com.froalacharts.licensevalidationtest.LicenseValidation -->
