<?xml version="1.0" encoding="UTF-8"?>
<!-- Generated by org.testng.reporters.JUnitReportReporter -->
<testsuite hostname="CELSYS130-BLR" failures="0" tests="3" name="com.froalacharts.apitest.ShowChartMessage" time="15.440" errors="0" timestamp="2020-10-29T20:36:10 IST" skipped="0">
  <testcase classname="com.froalacharts.apitest.ShowChartMessage" name="verifyAPIExistsInDataSheetShowChartMessage" time="0.001"/>
  <system-out/>
  <testcase classname="com.froalacharts.apitest.ShowChartMessage" name="verifyChartIsRenderedShowChartMessage" time="2.416"/>
  <system-out/>
  <testcase classname="com.froalacharts.apitest.ShowChartMessage" name="verifyAPIShowChartMessage" time="13.023"/>
  <system-out/>
</testsuite> <!-- com.froalacharts.apitest.ShowChartMessage -->
