<?xml version="1.0" encoding="UTF-8"?>
<!-- Generated by org.testng.reporters.JUnitReportReporter -->
<testsuite hostname="LANSA-TEST" failures="0" tests="1" name="com.froalacharts.apitest.AllChartsDataAPIs" time="107.153" errors="0" timestamp="14 Sep 2020 17:14:03 GMT">
  <testcase classname="com.froalacharts.apitest.AllChartsDataAPIs" name="verifyAllChartsDataAPIs" time="107.153"/>
</testsuite> <!-- com.froalacharts.apitest.AllChartsDataAPIs -->
