<?xml version="1.0" encoding="UTF-8"?>
<!-- Generated by org.testng.reporters.JUnitReportReporter -->
<testsuite hostname="LANSA-TEST" failures="0" tests="3" name="com.froalacharts.apitest.SetJSONData" time="13.775" errors="0" timestamp="14 Sep 2020 17:14:03 GMT">
  <testcase classname="com.froalacharts.apitest.SetJSONData" name="verifyChartIsRenderedSetJSONData" time="2.965"/>
  <testcase classname="com.froalacharts.apitest.SetJSONData" name="verifyAPIExistsInDataSheetSetJSONData" time="0.004"/>
  <testcase classname="com.froalacharts.apitest.SetJSONData" name="verifyAPISetJSONData" time="10.806"/>
</testsuite> <!-- com.froalacharts.apitest.SetJSONData -->
