<?xml version="1.0" encoding="UTF-8"?>
<!-- Generated by org.testng.reporters.JUnitReportReporter -->
<testsuite hostname="CELSYS130-BLR" failures="0" tests="3" name="com.froalacharts.apitest.RemoveEventListener" time="16.918" errors="0" timestamp="2020-10-29T20:36:10 IST" skipped="0">
  <testcase classname="com.froalacharts.apitest.RemoveEventListener" name="verifyAPIExistsInDataSheetRemoveEventListener" time="0.002"/>
  <system-out/>
  <testcase classname="com.froalacharts.apitest.RemoveEventListener" name="verifyChartIsRenderedRemoveEventListener" time="0.640"/>
  <system-out/>
  <testcase classname="com.froalacharts.apitest.RemoveEventListener" name="verifyAPIRemoveEventListener" time="16.276"/>
  <system-out/>
</testsuite> <!-- com.froalacharts.apitest.RemoveEventListener -->
