<?xml version="1.0" encoding="UTF-8"?>
<!-- Generated by org.testng.reporters.JUnitReportReporter -->
<testsuite hostname="LANSA-TEST" failures="0" tests="3" name="com.fusioncharts.apitest.ConfigureLink" time="10.146" errors="0" timestamp="25 Aug 2020 09:43:03 GMT">
  <testcase classname="com.fusioncharts.apitest.ConfigureLink" name="verifyAPIConfigureLink" time="8.518"/>
  <testcase classname="com.fusioncharts.apitest.ConfigureLink" name="verifyChartIsRenderedConfigureLink" time="1.627"/>
  <testcase classname="com.fusioncharts.apitest.ConfigureLink" name="verifyAPIExistsInDataSheetConfigureLink" time="0.001"/>
</testsuite> <!-- com.fusioncharts.apitest.ConfigureLink -->
