<?xml version="1.0" encoding="UTF-8"?>
<!-- Generated by org.testng.reporters.JUnitReportReporter -->
<testsuite hostname="CELSYS130-BLR" failures="0" tests="1" name="com.froalacharts.apitest.AllChartsDataAPIs" time="109.377" errors="0" timestamp="2020-10-29T20:36:10 IST" skipped="0">
  <testcase classname="com.froalacharts.apitest.AllChartsDataAPIs" name="verifyAllChartsDataAPIs" time="109.377"/>
  <system-out/>
</testsuite> <!-- com.froalacharts.apitest.AllChartsDataAPIs -->
