<?xml version="1.0" encoding="UTF-8"?>
<!-- Generated by org.testng.reporters.JUnitReportReporter -->
<testsuite hostname="CELSYS130-BLR" failures="0" tests="1" name="com.froalacharts.apitest.AllChartsSetDataAPIs" time="340.157" errors="0" timestamp="2020-10-29T20:36:10 IST" skipped="0">
  <testcase classname="com.froalacharts.apitest.AllChartsSetDataAPIs" name="verifyAllChartsSetDataAPIs" time="340.157"/>
  <system-out/>
</testsuite> <!-- com.froalacharts.apitest.AllChartsSetDataAPIs -->
