<?xml version="1.0" encoding="UTF-8"?>
<!-- Generated by org.testng.reporters.JUnitReportReporter -->
<testsuite hostname="CELSYS130-BLR" failures="0" tests="3" name="com.froalacharts.apitest.CenterLabel" time="3.453" errors="0" timestamp="2020-10-29T20:36:10 IST" skipped="0">
  <testcase classname="com.froalacharts.apitest.CenterLabel" name="verifyAPIExistsInDataSheetCenterLabel" time="0.001"/>
  <system-out/>
  <testcase classname="com.froalacharts.apitest.CenterLabel" name="verifyChartIsRenderedCenterLabel" time="0.282"/>
  <system-out/>
  <testcase classname="com.froalacharts.apitest.CenterLabel" name="verifyAPICenterLabel" time="3.170"/>
  <system-out/>
</testsuite> <!-- com.froalacharts.apitest.CenterLabel -->
