<?xml version="1.0" encoding="UTF-8"?>
<!-- Generated by org.testng.reporters.JUnitReportReporter -->
<testsuite hostname="LANSA-TEST" failures="0" tests="3" name="com.froalacharts.apitest.Clone" time="12.952" errors="0" timestamp="14 Sep 2020 17:14:03 GMT">
  <testcase classname="com.froalacharts.apitest.Clone" name="verifyAPIExistsInDataSheetClone" time="0.027"/>
  <testcase classname="com.froalacharts.apitest.Clone" name="verifyAPIClone" time="12.088"/>
  <testcase classname="com.froalacharts.apitest.Clone" name="verifyChartIsRenderedClone" time="0.837"/>
</testsuite> <!-- com.froalacharts.apitest.Clone -->
