<?xml version="1.0" encoding="UTF-8"?>
<!-- Generated by org.testng.reporters.JUnitReportReporter -->
<testsuite hostname="LANSA-TEST" failures="0" tests="3" name="com.froalacharts.apitest.Configure" time="1.033" errors="0" timestamp="14 Sep 2020 17:14:03 GMT">
  <testcase classname="com.froalacharts.apitest.Configure" name="verifyAPIExistsInDataSheetConfigure" time="0.001"/>
  <testcase classname="com.froalacharts.apitest.Configure" name="verifyAPIConfigure" time="0.570"/>
  <testcase classname="com.froalacharts.apitest.Configure" name="verifyChartIsRenderedConfigure" time="0.462"/>
</testsuite> <!-- com.froalacharts.apitest.Configure -->
