<?xml version="1.0" encoding="UTF-8"?>
<!-- Generated by org.testng.reporters.JUnitReportReporter -->
<testsuite hostname="LANSA-TEST" failures="0" tests="3" name="com.fusioncharts.apitest.SetXMLData" time="6.572" errors="0" timestamp="25 Aug 2020 09:43:03 GMT">
  <testcase classname="com.fusioncharts.apitest.SetXMLData" name="verifyChartIsRenderedSetXMLData" time="3.251"/>
  <testcase classname="com.fusioncharts.apitest.SetXMLData" name="verifyAPISetXMLData" time="3.321"/>
  <testcase classname="com.fusioncharts.apitest.SetXMLData" name="verifyAPIExistsInDataSheetSetXMLData" time="0.000"/>
</testsuite> <!-- com.fusioncharts.apitest.SetXMLData -->
