<?xml version="1.0" encoding="UTF-8"?>
<!-- Generated by org.testng.reporters.JUnitReportReporter -->
<testsuite hostname="LANSA-TEST" failures="0" tests="3" name="com.fusioncharts.apitest.FormatNumber" time="2.038" errors="0" timestamp="25 Aug 2020 09:43:03 GMT">
  <testcase classname="com.fusioncharts.apitest.FormatNumber" name="verifyAPIExistsInDataSheetFormatNumber" time="0.001"/>
  <testcase classname="com.fusioncharts.apitest.FormatNumber" name="verifyChartIsRenderedFormatNumber" time="0.874"/>
  <testcase classname="com.fusioncharts.apitest.FormatNumber" name="verifyAPIChartTypeFormatNumber" time="1.163"/>
</testsuite> <!-- com.fusioncharts.apitest.FormatNumber -->
