<?xml version="1.0" encoding="UTF-8"?>
<!-- Generated by org.testng.reporters.JUnitReportReporter -->
<testsuite hostname="CELSYS130-BLR" failures="0" tests="3" name="com.froalacharts.apitest.StartingAngle" time="15.820" errors="0" timestamp="2020-10-29T20:36:10 IST" skipped="0">
  <testcase classname="com.froalacharts.apitest.StartingAngle" name="verifyAPIExistsInDataSheetStartingAngle" time="0.001"/>
  <system-out/>
  <testcase classname="com.froalacharts.apitest.StartingAngle" name="verifyChartIsRenderedStartingAngle" time="2.506"/>
  <system-out/>
  <testcase classname="com.froalacharts.apitest.StartingAngle" name="verifyAPIStartingAngle" time="13.313"/>
  <system-out/>
</testsuite> <!-- com.froalacharts.apitest.StartingAngle -->
