<?xml version="1.0" encoding="UTF-8"?>
<!-- Generated by org.testng.reporters.JUnitReportReporter -->
<testsuite hostname="LANSA-TEST" failures="0" tests="3" name="com.fusioncharts.apitest.RemoveEventListener" time="8.308" errors="0" timestamp="25 Aug 2020 09:43:03 GMT">
  <testcase classname="com.fusioncharts.apitest.RemoveEventListener" name="verifyAPIRemoveEventListener" time="7.522"/>
  <testcase classname="com.fusioncharts.apitest.RemoveEventListener" name="verifyAPIExistsInDataSheetRemoveEventListener" time="0.002"/>
  <testcase classname="com.fusioncharts.apitest.RemoveEventListener" name="verifyChartIsRenderedRemoveEventListener" time="0.784"/>
</testsuite> <!-- com.fusioncharts.apitest.RemoveEventListener -->
