<?xml version="1.0" encoding="UTF-8"?>
<!-- Generated by org.testng.reporters.JUnitReportReporter -->
<testsuite hostname="LANSA-TEST" failures="0" tests="3" name="com.froalacharts.apitest.IsPlotItemSliced_slicePlotItem" time="26.631" errors="0" timestamp="14 Sep 2020 17:14:03 GMT">
  <testcase classname="com.froalacharts.apitest.IsPlotItemSliced_slicePlotItem" name="verifyChartIsRenderedIsPlotItemSliced_slicePlotItem" time="1.191"/>
  <testcase classname="com.froalacharts.apitest.IsPlotItemSliced_slicePlotItem" name="verifyAPIExistsInDataSheetIsPlotItemSliced_slicePlotItem" time="0.001"/>
  <testcase classname="com.froalacharts.apitest.IsPlotItemSliced_slicePlotItem" name="verifyAPIIsPlotItemSliced_slicePlotItem" time="25.439"/>
</testsuite> <!-- com.froalacharts.apitest.IsPlotItemSliced_slicePlotItem -->
