<?xml version="1.0" encoding="UTF-8"?>
<!-- Generated by org.testng.reporters.JUnitReportReporter -->
<testsuite hostname="CELSYS130-BLR" failures="0" tests="4" name="com.froalacharts.licensevalidationtest.LicenseValidation" time="26.726" errors="0" timestamp="2020-10-29T20:36:10 IST" skipped="0">
  <testcase classname="com.froalacharts.licensevalidationtest.LicenseValidation" name="verifyWatermarkDisplayed" time="5.384"/>
  <system-out/>
  <testcase classname="com.froalacharts.licensevalidationtest.LicenseValidation" name="verifyWatermarkNotDisplayed_for_valid_key" time="8.438"/>
  <system-out/>
  <testcase classname="com.froalacharts.licensevalidationtest.LicenseValidation" name="verifyWatermarkDisplayedForCreditLabelTrue" time="2.833"/>
  <system-out/>
  <testcase classname="com.froalacharts.licensevalidationtest.LicenseValidation" name="verify_clicking_Watermark_is_navigating_to_froala_page" time="10.071"/>
  <system-out/>
</testsuite> <!-- com.froalacharts.licensevalidationtest.LicenseValidation -->
