<?xml version="1.0" encoding="UTF-8"?>
<!-- Generated by org.testng.reporters.JUnitReportReporter -->
<testsuite hostname="LANSA-TEST" failures="0" tests="3" name="com.froalacharts.apitest.GetJSONData" time="2.302" errors="0" timestamp="14 Sep 2020 17:14:03 GMT">
  <testcase classname="com.froalacharts.apitest.GetJSONData" name="verifyChartIsRenderedGetJSONData" time="0.563"/>
  <testcase classname="com.froalacharts.apitest.GetJSONData" name="verifyAPIGetJSONData" time="1.738"/>
  <testcase classname="com.froalacharts.apitest.GetJSONData" name="verifyAPIExistsInDataSheetGetJSONData" time="0.001"/>
</testsuite> <!-- com.froalacharts.apitest.GetJSONData -->
