<?xml version="1.0" encoding="UTF-8"?>
<!-- Generated by org.testng.reporters.JUnitReportReporter -->
<testsuite hostname="LANSA-TEST" failures="0" tests="3" name="com.fusioncharts.apitest.GetDataWithId" time="36.883" errors="0" timestamp="25 Aug 2020 09:43:03 GMT">
  <testcase classname="com.fusioncharts.apitest.GetDataWithId" name="verifyAPIGetDataWithId" time="35.377"/>
  <testcase classname="com.fusioncharts.apitest.GetDataWithId" name="verifyAPIExistsInDataSheetGetDataWithId" time="0.003"/>
  <testcase classname="com.fusioncharts.apitest.GetDataWithId" name="verifyChartIsRenderedGetDataWithId" time="1.503"/>
</testsuite> <!-- com.fusioncharts.apitest.GetDataWithId -->
