<?xml version="1.0" encoding="UTF-8"?>
<!-- Generated by org.testng.reporters.JUnitReportReporter -->
<testsuite hostname="CELSYS130-BLR" failures="0" tests="3" name="com.froalacharts.apitest.AddEventListener" time="5.076" errors="0" timestamp="2020-10-29T20:36:10 IST" skipped="0">
  <testcase classname="com.froalacharts.apitest.AddEventListener" name="verifyAPIExistsInDataSheetAddEventListener" time="0.003"/>
  <system-out/>
  <testcase classname="com.froalacharts.apitest.AddEventListener" name="verifyChartIsRenderedAddEventListener" time="0.564"/>
  <system-out/>
  <testcase classname="com.froalacharts.apitest.AddEventListener" name="verifyAPIAddEventListener" time="4.509"/>
  <system-out/>
</testsuite> <!-- com.froalacharts.apitest.AddEventListener -->
