<?xml version="1.0" encoding="UTF-8"?>
<!-- Generated by org.testng.reporters.JUnitReportReporter -->
<testsuite hostname="CELSYS130-BLR" failures="0" tests="3" name="com.froalacharts.apitest.FormatNumber" time="2.406" errors="0" timestamp="2020-10-29T20:36:10 IST" skipped="0">
  <testcase classname="com.froalacharts.apitest.FormatNumber" name="verifyAPIExistsInDataSheetFormatNumber" time="0.002"/>
  <system-out/>
  <testcase classname="com.froalacharts.apitest.FormatNumber" name="verifyChartIsRenderedFormatNumber" time="0.344"/>
  <system-out/>
  <testcase classname="com.froalacharts.apitest.FormatNumber" name="verifyAPIChartTypeFormatNumber" time="2.060"/>
  <system-out/>
</testsuite> <!-- com.froalacharts.apitest.FormatNumber -->
