<?xml version="1.0" encoding="UTF-8"?>
<!-- Generated by org.testng.reporters.JUnitReportReporter -->
<testsuite hostname="LANSA-TEST" failures="0" tests="3" name="com.fusioncharts.apitest.AnnotationAPIs" time="64.557" errors="0" timestamp="25 Aug 2020 09:43:03 GMT">
  <testcase classname="com.fusioncharts.apitest.AnnotationAPIs" name="verifyChartIsRenderedAnnotationAPIs" time="1.253"/>
  <testcase classname="com.fusioncharts.apitest.AnnotationAPIs" name="verifyAPIAnnotationAPIs" time="63.304"/>
  <testcase classname="com.fusioncharts.apitest.AnnotationAPIs" name="verifyAPIExistsInDataSheetAnnotationAPIs" time="0.000"/>
</testsuite> <!-- com.fusioncharts.apitest.AnnotationAPIs -->
