<?xml version="1.0" encoding="UTF-8"?>
<!-- Generated by org.testng.reporters.JUnitReportReporter -->
<testsuite hostname="LANSA-TEST" failures="0" tests="3" name="com.fusioncharts.apitest.AddEventListener" time="4.173" errors="0" timestamp="25 Aug 2020 09:43:03 GMT">
  <testcase classname="com.fusioncharts.apitest.AddEventListener" name="verifyAPIAddEventListener" time="3.416"/>
  <testcase classname="com.fusioncharts.apitest.AddEventListener" name="verifyChartIsRenderedAddEventListener" time="0.755"/>
  <testcase classname="com.fusioncharts.apitest.AddEventListener" name="verifyAPIExistsInDataSheetAddEventListener" time="0.002"/>
</testsuite> <!-- com.fusioncharts.apitest.AddEventListener -->
