<?xml version="1.0" encoding="UTF-8"?>
<!-- Generated by org.testng.reporters.JUnitReportReporter -->
<testsuite hostname="LANSA-TEST" failures="0" tests="3" name="com.froalacharts.apitest.StartingAngle" time="14.504" errors="0" timestamp="14 Sep 2020 17:14:03 GMT">
  <testcase classname="com.froalacharts.apitest.StartingAngle" name="verifyChartIsRenderedStartingAngle" time="2.366"/>
  <testcase classname="com.froalacharts.apitest.StartingAngle" name="verifyAPIExistsInDataSheetStartingAngle" time="0.001"/>
  <testcase classname="com.froalacharts.apitest.StartingAngle" name="verifyAPIStartingAngle" time="12.137"/>
</testsuite> <!-- com.froalacharts.apitest.StartingAngle -->
