<?xml version="1.0" encoding="UTF-8"?>
<!-- Generated by org.testng.reporters.JUnitReportReporter -->
<testsuite hostname="LANSA-TEST" failures="0" tests="3" name="com.fusioncharts.apitest.CenterLabel" time="4.577" errors="0" timestamp="25 Aug 2020 09:43:03 GMT">
  <testcase classname="com.fusioncharts.apitest.CenterLabel" name="verifyAPIExistsInDataSheetCenterLabel" time="0.001"/>
  <testcase classname="com.fusioncharts.apitest.CenterLabel" name="verifyChartIsRenderedCenterLabel" time="1.620"/>
  <testcase classname="com.fusioncharts.apitest.CenterLabel" name="verifyAPICenterLabel" time="2.956"/>
</testsuite> <!-- com.fusioncharts.apitest.CenterLabel -->
