<?xml version="1.0" encoding="UTF-8"?>
<!-- Generated by org.testng.reporters.JUnitReportReporter -->
<testsuite hostname="CELSYS130-BLR" failures="0" tests="3" name="com.froalacharts.apitest.Clone" time="13.408" errors="0" timestamp="2020-10-27T17:57:20 IST" skipped="0">
  <testcase classname="com.froalacharts.apitest.Clone" name="verifyAPIExistsInDataSheetClone" time="0.013"/>
  <system-out/>
  <testcase classname="com.froalacharts.apitest.Clone" name="verifyChartIsRenderedClone" time="0.295"/>
  <system-out/>
  <testcase classname="com.froalacharts.apitest.Clone" name="verifyAPIClone" time="13.100"/>
  <system-out/>
</testsuite> <!-- com.froalacharts.apitest.Clone -->
