<?xml version="1.0" encoding="UTF-8"?>
<!-- Generated by org.testng.reporters.JUnitReportReporter -->
<testsuite hostname="LANSA-TEST" failures="0" tests="3" name="com.fusioncharts.apitest.LockResize_ResizeTo" time="14.693" errors="0" timestamp="25 Aug 2020 09:43:02 GMT">
  <testcase classname="com.fusioncharts.apitest.LockResize_ResizeTo" name="verifyChartIsRenderedLockResize_ResizeTo" time="3.062"/>
  <testcase classname="com.fusioncharts.apitest.LockResize_ResizeTo" name="verifyAPILockResize_ResizeTo" time="11.631"/>
  <testcase classname="com.fusioncharts.apitest.LockResize_ResizeTo" name="verifyAPIExistsInDataSheetLockResize_ResizeTo" time="0.000"/>
</testsuite> <!-- com.fusioncharts.apitest.LockResize_ResizeTo -->
