<?xml version="1.0" encoding="UTF-8"?>
<!-- Generated by org.testng.reporters.JUnitReportReporter -->
<testsuite hostname="LANSA-TEST" failures="0" tests="3" name="com.froalacharts.apitest.ShowChartMessage" time="21.581" errors="0" timestamp="14 Sep 2020 17:14:03 GMT">
  <testcase classname="com.froalacharts.apitest.ShowChartMessage" name="verifyAPIExistsInDataSheetShowChartMessage" time="0.001"/>
  <testcase classname="com.froalacharts.apitest.ShowChartMessage" name="verifyAPIShowChartMessage" time="18.496"/>
  <testcase classname="com.froalacharts.apitest.ShowChartMessage" name="verifyChartIsRenderedShowChartMessage" time="3.084"/>
</testsuite> <!-- com.froalacharts.apitest.ShowChartMessage -->
