<?xml version="1.0" encoding="UTF-8"?>
<!-- Generated by org.testng.reporters.JUnitReportReporter -->
<testsuite hostname="LANSA-TEST" failures="0" tests="3" name="com.fusioncharts.apitest.StartingAngle" time="15.806" errors="0" timestamp="25 Aug 2020 09:43:03 GMT">
  <testcase classname="com.fusioncharts.apitest.StartingAngle" name="verifyAPIExistsInDataSheetStartingAngle" time="0.001"/>
  <testcase classname="com.fusioncharts.apitest.StartingAngle" name="verifyChartIsRenderedStartingAngle" time="3.197"/>
  <testcase classname="com.fusioncharts.apitest.StartingAngle" name="verifyAPIStartingAngle" time="12.608"/>
</testsuite> <!-- com.fusioncharts.apitest.StartingAngle -->
