<?xml version="1.0" encoding="UTF-8"?>
<!-- Generated by org.testng.reporters.JUnitReportReporter -->
<testsuite hostname="LANSA-TEST" failures="0" tests="3" name="com.froalacharts.apitest.RemoveEventListener" time="18.674" errors="0" timestamp="14 Sep 2020 17:14:03 GMT">
  <testcase classname="com.froalacharts.apitest.RemoveEventListener" name="verifyChartIsRenderedRemoveEventListener" time="1.783"/>
  <testcase classname="com.froalacharts.apitest.RemoveEventListener" name="verifyAPIExistsInDataSheetRemoveEventListener" time="0.001"/>
  <testcase classname="com.froalacharts.apitest.RemoveEventListener" name="verifyAPIRemoveEventListener" time="16.890"/>
</testsuite> <!-- com.froalacharts.apitest.RemoveEventListener -->
