<?xml version="1.0" encoding="UTF-8"?>
<!-- Generated by org.testng.reporters.JUnitReportReporter -->
<testsuite hostname="CELSYS130-BLR" failures="0" tests="3" name="com.froalacharts.apitest.LockResize_ResizeTo" time="14.963" errors="0" timestamp="2020-10-27T17:57:20 IST" skipped="0">
  <testcase classname="com.froalacharts.apitest.LockResize_ResizeTo" name="verifyAPIExistsInDataSheetLockResize_ResizeTo" time="0.002"/>
  <system-out/>
  <testcase classname="com.froalacharts.apitest.LockResize_ResizeTo" name="verifyChartIsRenderedLockResize_ResizeTo" time="2.079"/>
  <system-out/>
  <testcase classname="com.froalacharts.apitest.LockResize_ResizeTo" name="verifyAPILockResize_ResizeTo" time="12.882"/>
  <system-out/>
</testsuite> <!-- com.froalacharts.apitest.LockResize_ResizeTo -->
