<?xml version="1.0" encoding="UTF-8"?>
<!-- Generated by org.testng.reporters.JUnitReportReporter -->
<testsuite hostname="CELSYS130-BLR" failures="0" tests="3" name="com.froalacharts.apitest.Clone" time="24.492" errors="0" timestamp="2020-10-29T20:36:10 IST" skipped="0">
  <testcase classname="com.froalacharts.apitest.Clone" name="verifyAPIExistsInDataSheetClone" time="0.011"/>
  <system-out/>
  <testcase classname="com.froalacharts.apitest.Clone" name="verifyChartIsRenderedClone" time="10.373"/>
  <system-out/>
  <testcase classname="com.froalacharts.apitest.Clone" name="verifyAPIClone" time="14.108"/>
  <system-out/>
</testsuite> <!-- com.froalacharts.apitest.Clone -->
