<?xml version="1.0" encoding="UTF-8"?>
<!-- Generated by org.testng.reporters.JUnitReportReporter -->
<testsuite hostname="CELSYS130-BLR" failures="0" tests="3" name="com.froalacharts.apitest.SetJSONData" time="13.222" errors="0" timestamp="2020-10-27T17:57:20 IST" skipped="0">
  <testcase classname="com.froalacharts.apitest.SetJSONData" name="verifyAPIExistsInDataSheetSetJSONData" time="0.002"/>
  <system-out/>
  <testcase classname="com.froalacharts.apitest.SetJSONData" name="verifyChartIsRenderedSetJSONData" time="2.473"/>
  <system-out/>
  <testcase classname="com.froalacharts.apitest.SetJSONData" name="verifyAPISetJSONData" time="10.747"/>
  <system-out/>
</testsuite> <!-- com.froalacharts.apitest.SetJSONData -->
