<?xml version="1.0" encoding="UTF-8"?>
<!-- Generated by org.testng.reporters.JUnitReportReporter -->
<testsuite hostname="CELSYS130-BLR" failures="0" tests="3" name="com.froalacharts.apitest.ShowChartMessage" time="17.866" errors="0" timestamp="2020-10-27T17:57:20 IST" skipped="0">
  <testcase classname="com.froalacharts.apitest.ShowChartMessage" name="verifyAPIExistsInDataSheetShowChartMessage" time="0.001"/>
  <system-out/>
  <testcase classname="com.froalacharts.apitest.ShowChartMessage" name="verifyChartIsRenderedShowChartMessage" time="2.432"/>
  <system-out/>
  <testcase classname="com.froalacharts.apitest.ShowChartMessage" name="verifyAPIShowChartMessage" time="15.433"/>
  <system-out/>
</testsuite> <!-- com.froalacharts.apitest.ShowChartMessage -->
