<?xml version="1.0" encoding="UTF-8"?>
<!-- Generated by org.testng.reporters.JUnitReportReporter -->
<testsuite hostname="LANSA-TEST" failures="0" tests="3" name="com.fusioncharts.apitest.SetData" time="10.836" errors="0" timestamp="25 Aug 2020 09:43:03 GMT">
  <testcase classname="com.fusioncharts.apitest.SetData" name="verifyAPISetData" time="9.271"/>
  <testcase classname="com.fusioncharts.apitest.SetData" name="verifyChartIsRenderedSetData" time="1.563"/>
  <testcase classname="com.fusioncharts.apitest.SetData" name="verifyAPIExistsInDataSheetSetData" time="0.002"/>
</testsuite> <!-- com.fusioncharts.apitest.SetData -->
