<?xml version="1.0" encoding="UTF-8"?>
<!-- Generated by org.testng.reporters.JUnitReportReporter -->
<testsuite hostname="LANSA-TEST" failures="0" tests="3" name="com.froalacharts.licensevalidationtest.LicenseValidation" time="14.708" errors="0" timestamp="14 Sep 2020 17:14:02 GMT">
  <testcase classname="com.froalacharts.licensevalidationtest.LicenseValidation" name="verifyWatermarkDisplayed" time="4.109"/>
  <testcase classname="com.froalacharts.licensevalidationtest.LicenseValidation" name="verifyWatermarkDisplayedForCreditLabelTrue" time="2.210"/>
  <testcase classname="com.froalacharts.licensevalidationtest.LicenseValidation" name="verifyWatermarkNotDisplayed_for_valid_key" time="8.389"/>
</testsuite> <!-- com.froalacharts.licensevalidationtest.LicenseValidation -->
