<?xml version="1.0" encoding="UTF-8"?>
<!-- Generated by org.testng.reporters.JUnitReportReporter -->
<testsuite hostname="LANSA-TEST" failures="0" tests="3" name="com.froalacharts.apitest.ConfigureLink" time="8.573" errors="0" timestamp="14 Sep 2020 17:14:03 GMT">
  <testcase classname="com.froalacharts.apitest.ConfigureLink" name="verifyChartIsRenderedConfigureLink" time="0.887"/>
  <testcase classname="com.froalacharts.apitest.ConfigureLink" name="verifyAPIExistsInDataSheetConfigureLink" time="0.000"/>
  <testcase classname="com.froalacharts.apitest.ConfigureLink" name="verifyAPIConfigureLink" time="7.686"/>
</testsuite> <!-- com.froalacharts.apitest.ConfigureLink -->
