<?xml version="1.0" encoding="UTF-8"?>
<!-- Generated by org.testng.reporters.JUnitReportReporter -->
<testsuite hostname="CELSYS130-BLR" failures="0" tests="3" name="com.froalacharts.apitest.ConfigureLink" time="8.656" errors="0" timestamp="2020-10-29T20:36:10 IST" skipped="0">
  <testcase classname="com.froalacharts.apitest.ConfigureLink" name="verifyAPIExistsInDataSheetConfigureLink" time="0.001"/>
  <system-out/>
  <testcase classname="com.froalacharts.apitest.ConfigureLink" name="verifyChartIsRenderedConfigureLink" time="0.485"/>
  <system-out/>
  <testcase classname="com.froalacharts.apitest.ConfigureLink" name="verifyAPIConfigureLink" time="8.170"/>
  <system-out/>
</testsuite> <!-- com.froalacharts.apitest.ConfigureLink -->
