<?xml version="1.0" encoding="UTF-8"?>
<!-- Generated by org.testng.reporters.JUnitReportReporter -->
<testsuite hostname="LANSA-TEST" failures="0" tests="3" name="com.fusioncharts.apitest.GetChartData" time="6.776" errors="0" timestamp="25 Aug 2020 09:43:03 GMT">
  <testcase classname="com.fusioncharts.apitest.GetChartData" name="verifyAPIExistsInDataSheetGetChartData" time="0.003"/>
  <testcase classname="com.fusioncharts.apitest.GetChartData" name="verifyChartIsRenderedGetChartData" time="1.689"/>
  <testcase classname="com.fusioncharts.apitest.GetChartData" name="verifyAPIGetChartData" time="5.084"/>
</testsuite> <!-- com.fusioncharts.apitest.GetChartData -->
