<?xml version="1.0" encoding="UTF-8"?>
<!-- Generated by org.testng.reporters.JUnitReportReporter -->
<testsuite hostname="LANSA-TEST" failures="0" tests="3" name="com.froalacharts.apitest.FormatNumber" time="2.915" errors="0" timestamp="14 Sep 2020 17:14:03 GMT">
  <testcase classname="com.froalacharts.apitest.FormatNumber" name="verifyChartIsRenderedFormatNumber" time="0.660"/>
  <testcase classname="com.froalacharts.apitest.FormatNumber" name="verifyAPIChartTypeFormatNumber" time="2.253"/>
  <testcase classname="com.froalacharts.apitest.FormatNumber" name="verifyAPIExistsInDataSheetFormatNumber" time="0.002"/>
</testsuite> <!-- com.froalacharts.apitest.FormatNumber -->
