<?xml version="1.0" encoding="UTF-8"?>
<!-- Generated by org.testng.reporters.JUnitReportReporter -->
<testsuite hostname="LANSA-TEST" failures="0" tests="3" name="com.fusioncharts.apitest.GetData" time="3.497" errors="0" timestamp="25 Aug 2020 09:43:03 GMT">
  <testcase classname="com.fusioncharts.apitest.GetData" name="verifyAPIExistsInDataSheetGetData" time="0.001"/>
  <testcase classname="com.fusioncharts.apitest.GetData" name="verifyAPIGetData" time="0.050"/>
  <testcase classname="com.fusioncharts.apitest.GetData" name="verifyChartIsRenderedGetData" time="3.446"/>
</testsuite> <!-- com.fusioncharts.apitest.GetData -->
