<?xml version="1.0" encoding="UTF-8"?>
<!-- Generated by org.testng.reporters.JUnitReportReporter -->
<testsuite hostname="LANSA-TEST" failures="0" tests="3" name="com.fusioncharts.apitest.ShowChartMessage" time="15.550" errors="0" timestamp="25 Aug 2020 09:43:03 GMT">
  <testcase classname="com.fusioncharts.apitest.ShowChartMessage" name="verifyChartIsRenderedShowChartMessage" time="2.761"/>
  <testcase classname="com.fusioncharts.apitest.ShowChartMessage" name="verifyAPIExistsInDataSheetShowChartMessage" time="0.002"/>
  <testcase classname="com.fusioncharts.apitest.ShowChartMessage" name="verifyAPIShowChartMessage" time="12.787"/>
</testsuite> <!-- com.fusioncharts.apitest.ShowChartMessage -->
