<?xml version="1.0" encoding="UTF-8"?>
<!-- Generated by org.testng.reporters.JUnitReportReporter -->
<testsuite hostname="LANSA-TEST" failures="0" tests="3" name="com.fusioncharts.apitest.SetChartData" time="9.671" errors="0" timestamp="25 Aug 2020 09:43:03 GMT">
  <testcase classname="com.fusioncharts.apitest.SetChartData" name="verifyAPIExistsInDataSheetSetChartData" time="0.000"/>
  <testcase classname="com.fusioncharts.apitest.SetChartData" name="verifyAPISetChartData" time="6.156"/>
  <testcase classname="com.fusioncharts.apitest.SetChartData" name="verifyChartIsRenderedSetChartData" time="3.515"/>
</testsuite> <!-- com.fusioncharts.apitest.SetChartData -->
