<?xml version="1.0" encoding="UTF-8"?>
<!-- Generated by org.testng.reporters.JUnitReportReporter -->
<testsuite hostname="LANSA-TEST" failures="0" tests="1" name="com.fusioncharts.apitest.AllChartsDataAPIs" time="737.032" errors="0" timestamp="25 Aug 2020 09:43:02 GMT">
  <testcase classname="com.fusioncharts.apitest.AllChartsDataAPIs" name="verifyAllChartsDataAPIs" time="737.032"/>
</testsuite> <!-- com.fusioncharts.apitest.AllChartsDataAPIs -->
