<?xml version="1.0" encoding="UTF-8"?>
<!-- Generated by org.testng.reporters.JUnitReportReporter -->
<testsuite hostname="CELSYS130-BLR" failures="0" tests="3" name="com.froalacharts.apitest.SetJSONData" time="14.066" errors="0" timestamp="2020-10-29T20:36:10 IST" skipped="0">
  <testcase classname="com.froalacharts.apitest.SetJSONData" name="verifyAPIExistsInDataSheetSetJSONData" time="0.001"/>
  <system-out/>
  <testcase classname="com.froalacharts.apitest.SetJSONData" name="verifyChartIsRenderedSetJSONData" time="2.221"/>
  <system-out/>
  <testcase classname="com.froalacharts.apitest.SetJSONData" name="verifyAPISetJSONData" time="11.844"/>
  <system-out/>
</testsuite> <!-- com.froalacharts.apitest.SetJSONData -->
