<?xml version="1.0" encoding="UTF-8"?>
<!-- Generated by org.testng.reporters.JUnitReportReporter -->
<testsuite hostname="CELSYS130-BLR" failures="0" tests="1" name="com.froalacharts.apitest.AllChartsSetDataAPIs" time="336.434" errors="0" timestamp="2020-10-27T17:57:20 IST" skipped="0">
  <testcase classname="com.froalacharts.apitest.AllChartsSetDataAPIs" name="verifyAllChartsSetDataAPIs" time="336.434"/>
  <system-out/>
</testsuite> <!-- com.froalacharts.apitest.AllChartsSetDataAPIs -->
