<?xml version="1.0" encoding="UTF-8"?>
<!-- Generated by org.testng.reporters.JUnitReportReporter -->
<testsuite hostname="CELSYS130-BLR" failures="0" tests="3" name="com.froalacharts.apitest.IsPlotItemSliced_slicePlotItem" time="30.886" errors="0" timestamp="2020-10-27T17:57:20 IST" skipped="0">
  <testcase classname="com.froalacharts.apitest.IsPlotItemSliced_slicePlotItem" name="verifyAPIExistsInDataSheetIsPlotItemSliced_slicePlotItem" time="0.002"/>
  <system-out/>
  <testcase classname="com.froalacharts.apitest.IsPlotItemSliced_slicePlotItem" name="verifyChartIsRenderedIsPlotItemSliced_slicePlotItem" time="0.457"/>
  <system-out/>
  <testcase classname="com.froalacharts.apitest.IsPlotItemSliced_slicePlotItem" name="verifyAPIIsPlotItemSliced_slicePlotItem" time="30.427"/>
  <system-out/>
</testsuite> <!-- com.froalacharts.apitest.IsPlotItemSliced_slicePlotItem -->
