<?xml version="1.0" encoding="UTF-8"?>
<!-- Generated by org.testng.reporters.JUnitReportReporter -->
<testsuite hostname="LANSA-TEST" failures="0" tests="3" name="com.fusioncharts.apitest.GetJSONData" time="3.363" errors="0" timestamp="25 Aug 2020 09:43:03 GMT">
  <testcase classname="com.fusioncharts.apitest.GetJSONData" name="verifyAPIExistsInDataSheetGetJSONData" time="0.002"/>
  <testcase classname="com.fusioncharts.apitest.GetJSONData" name="verifyChartIsRenderedGetJSONData" time="1.505"/>
  <testcase classname="com.fusioncharts.apitest.GetJSONData" name="verifyAPIGetJSONData" time="1.856"/>
</testsuite> <!-- com.fusioncharts.apitest.GetJSONData -->
