<?xml version="1.0" encoding="UTF-8"?>
<!-- Generated by org.testng.reporters.JUnitReportReporter -->
<testsuite hostname="LANSA-TEST" failures="0" tests="3" name="com.froalacharts.apitest.CenterLabel" time="4.816" errors="0" timestamp="14 Sep 2020 17:14:03 GMT">
  <testcase classname="com.froalacharts.apitest.CenterLabel" name="verifyAPIExistsInDataSheetCenterLabel" time="0.007"/>
  <testcase classname="com.froalacharts.apitest.CenterLabel" name="verifyAPICenterLabel" time="3.586"/>
  <testcase classname="com.froalacharts.apitest.CenterLabel" name="verifyChartIsRenderedCenterLabel" time="1.223"/>
</testsuite> <!-- com.froalacharts.apitest.CenterLabel -->
