<?xml version="1.0" encoding="UTF-8"?>
<!-- Generated by org.testng.reporters.JUnitReportReporter -->
<testsuite hostname="CELSYS130-BLR" failures="0" tests="3" name="com.froalacharts.apitest.AddEventListener" time="5.427" errors="0" timestamp="2020-10-27T17:57:20 IST" skipped="0">
  <testcase classname="com.froalacharts.apitest.AddEventListener" name="verifyAPIExistsInDataSheetAddEventListener" time="0.003"/>
  <system-out/>
  <testcase classname="com.froalacharts.apitest.AddEventListener" name="verifyChartIsRenderedAddEventListener" time="0.529"/>
  <system-out/>
  <testcase classname="com.froalacharts.apitest.AddEventListener" name="verifyAPIAddEventListener" time="4.895"/>
  <system-out/>
</testsuite> <!-- com.froalacharts.apitest.AddEventListener -->
