<?xml version="1.0" encoding="UTF-8"?>
<!-- Generated by org.testng.reporters.JUnitReportReporter -->
<testsuite hostname="LANSA-TEST" failures="0" tests="3" name="com.froalacharts.apitest.GetChartData" time="4.643" errors="0" timestamp="14 Sep 2020 17:14:02 GMT">
  <testcase classname="com.froalacharts.apitest.GetChartData" name="verifyAPIGetChartData" time="3.914"/>
  <testcase classname="com.froalacharts.apitest.GetChartData" name="verifyChartIsRenderedGetChartData" time="0.728"/>
  <testcase classname="com.froalacharts.apitest.GetChartData" name="verifyAPIExistsInDataSheetGetChartData" time="0.001"/>
</testsuite> <!-- com.froalacharts.apitest.GetChartData -->
