<?xml version="1.0" encoding="UTF-8"?>
<!-- Generated by org.testng.reporters.JUnitReportReporter -->
<testsuite hostname="CELSYS130-BLR" failures="0" tests="3" name="com.froalacharts.apitest.StartingAngle" time="16.315" errors="0" timestamp="2020-10-27T17:57:20 IST" skipped="0">
  <testcase classname="com.froalacharts.apitest.StartingAngle" name="verifyAPIExistsInDataSheetStartingAngle" time="0.002"/>
  <system-out/>
  <testcase classname="com.froalacharts.apitest.StartingAngle" name="verifyChartIsRenderedStartingAngle" time="2.483"/>
  <system-out/>
  <testcase classname="com.froalacharts.apitest.StartingAngle" name="verifyAPIStartingAngle" time="13.830"/>
  <system-out/>
</testsuite> <!-- com.froalacharts.apitest.StartingAngle -->
