<?xml version="1.0" encoding="UTF-8"?>
<!-- Generated by org.testng.reporters.JUnitReportReporter -->
<testsuite hostname="LANSA-TEST" failures="0" tests="1" name="com.fusioncharts.apitest.AllChartsSetDataAPIs" time="1113.647" errors="0" timestamp="25 Aug 2020 09:43:03 GMT">
  <testcase classname="com.fusioncharts.apitest.AllChartsSetDataAPIs" name="verifyAllChartsSetDataAPIs" time="1113.647"/>
</testsuite> <!-- com.fusioncharts.apitest.AllChartsSetDataAPIs -->
