<?xml version="1.0" encoding="UTF-8"?>
<!-- Generated by org.testng.reporters.JUnitReportReporter -->
<testsuite hostname="LANSA-TEST" failures="0" tests="3" name="com.fusioncharts.apitest.RealTimeAPIs" time="63.895" errors="0" timestamp="25 Aug 2020 09:43:02 GMT">
  <testcase classname="com.fusioncharts.apitest.RealTimeAPIs" name="verifyChartIsRenderedRealTimeAPIs" time="2.555"/>
  <testcase classname="com.fusioncharts.apitest.RealTimeAPIs" name="verifyAPIExistsInDataSheetRealTimeAPIs" time="0.003"/>
  <testcase classname="com.fusioncharts.apitest.RealTimeAPIs" name="verifyAPIRealTimeAPIs" time="61.337"/>
</testsuite> <!-- com.fusioncharts.apitest.RealTimeAPIs -->
