<?xml version="1.0" encoding="UTF-8"?>
<!-- Generated by org.testng.reporters.JUnitReportReporter -->
<testsuite hostname="LANSA-TEST" failures="0" tests="3" name="com.fusioncharts.apitest.Configure" time="1.639" errors="0" timestamp="25 Aug 2020 09:43:03 GMT">
  <testcase classname="com.fusioncharts.apitest.Configure" name="verifyAPIConfigure" time="1.028"/>
  <testcase classname="com.fusioncharts.apitest.Configure" name="verifyChartIsRenderedConfigure" time="0.610"/>
  <testcase classname="com.fusioncharts.apitest.Configure" name="verifyAPIExistsInDataSheetConfigure" time="0.001"/>
</testsuite> <!-- com.fusioncharts.apitest.Configure -->
