<?xml version="1.0" encoding="UTF-8"?>
<!-- Generated by org.testng.reporters.JUnitReportReporter -->
<testsuite hostname="CELSYS130-BLR" failures="0" tests="3" name="com.froalacharts.apitest.Configure" time="1.607" errors="0" timestamp="2020-10-27T17:57:20 IST" skipped="0">
  <testcase classname="com.froalacharts.apitest.Configure" name="verifyAPIExistsInDataSheetConfigure" time="0.002"/>
  <system-out/>
  <testcase classname="com.froalacharts.apitest.Configure" name="verifyChartIsRenderedConfigure" time="0.522"/>
  <system-out/>
  <testcase classname="com.froalacharts.apitest.Configure" name="verifyAPIConfigure" time="1.083"/>
  <system-out/>
</testsuite> <!-- com.froalacharts.apitest.Configure -->
