<?xml version="1.0" encoding="UTF-8"?>
<!-- Generated by org.testng.reporters.JUnitReportReporter -->
<testsuite hostname="LANSA-TEST" failures="0" tests="3" name="com.fusioncharts.apitest.SetJSONData" time="8.911" errors="0" timestamp="25 Aug 2020 09:43:03 GMT">
  <testcase classname="com.fusioncharts.apitest.SetJSONData" name="verifyChartIsRenderedSetJSONData" time="3.667"/>
  <testcase classname="com.fusioncharts.apitest.SetJSONData" name="verifyAPIExistsInDataSheetSetJSONData" time="0.001"/>
  <testcase classname="com.fusioncharts.apitest.SetJSONData" name="verifyAPISetJSONData" time="5.243"/>
</testsuite> <!-- com.fusioncharts.apitest.SetJSONData -->
