<?xml version="1.0" encoding="UTF-8"?>
<!-- Generated by org.testng.reporters.JUnitReportReporter -->
<testsuite hostname="CELSYS130-BLR" failures="0" tests="3" name="com.froalacharts.apitest.GetJSONData" time="2.543" errors="0" timestamp="2020-10-29T20:36:10 IST" skipped="0">
  <testcase classname="com.froalacharts.apitest.GetJSONData" name="verifyAPIExistsInDataSheetGetJSONData" time="0.001"/>
  <system-out/>
  <testcase classname="com.froalacharts.apitest.GetJSONData" name="verifyChartIsRenderedGetJSONData" time="0.187"/>
  <system-out/>
  <testcase classname="com.froalacharts.apitest.GetJSONData" name="verifyAPIGetJSONData" time="2.355"/>
  <system-out/>
</testsuite> <!-- com.froalacharts.apitest.GetJSONData -->
