<?xml version="1.0" encoding="UTF-8"?>
<!-- Generated by org.testng.reporters.JUnitReportReporter -->
<testsuite hostname="CELSYS130-BLR" failures="0" tests="3" name="com.froalacharts.apitest.GetJSONData" time="3.142" errors="0" timestamp="2020-10-27T17:57:20 IST" skipped="0">
  <testcase classname="com.froalacharts.apitest.GetJSONData" name="verifyAPIExistsInDataSheetGetJSONData" time="0.002"/>
  <system-out/>
  <testcase classname="com.froalacharts.apitest.GetJSONData" name="verifyChartIsRenderedGetJSONData" time="0.553"/>
  <system-out/>
  <testcase classname="com.froalacharts.apitest.GetJSONData" name="verifyAPIGetJSONData" time="2.587"/>
  <system-out/>
</testsuite> <!-- com.froalacharts.apitest.GetJSONData -->
