<?xml version="1.0" encoding="UTF-8"?>
<!-- Generated by org.testng.reporters.JUnitReportReporter -->
<testsuite hostname="CELSYS130-BLR" failures="0" tests="3" name="com.froalacharts.apitest.RemoveEventListener" time="16.969" errors="0" timestamp="2020-10-27T17:57:20 IST" skipped="0">
  <testcase classname="com.froalacharts.apitest.RemoveEventListener" name="verifyAPIExistsInDataSheetRemoveEventListener" time="0.002"/>
  <system-out/>
  <testcase classname="com.froalacharts.apitest.RemoveEventListener" name="verifyChartIsRenderedRemoveEventListener" time="0.377"/>
  <system-out/>
  <testcase classname="com.froalacharts.apitest.RemoveEventListener" name="verifyAPIRemoveEventListener" time="16.590"/>
  <system-out/>
</testsuite> <!-- com.froalacharts.apitest.RemoveEventListener -->
